./comp 1

~~~~~~~~~~~~~~~~~~~~~~~~~~~~~~~~~~~~~~~~~~~~~~~~~~~~~~~~~~~~~~~~~~~~~~~~~~~~~~~~~~~~~~~~~~~~~~~~~~~~~~~~~~~~~~~~~~~~~~~~~~~~~~~~~~~~~~~~~~~~~~~~~~~~~~
Symbol Table :Global                                         Parent: null
~~~~~~~~~~~~~~~~~~~~~~~~~~~~~~~~~~~~~~~~~~~~~~~~~~~~~~~~~~~~~~~~~~~~~~~~~~~~~~~~~~~~~~~~~~~~~~~~~~~~~~~~~~~~~~~~~~~~~~~~~~~~~~~~~~~~~~~~~~~~~~~~~~~~~~
Name            Type                          Category    Initial Value                           Size    Offset  Nested Table
------------------------------------------------------------------------------------------------------------------------------------------------------
printInt        int                           function                                            4       0       printInt
printStr        int                           function                                            4       4       printStr
printFlt        int                           function                                            4       8       printFlt
readFlt         int                           function                                            4       12      readFlt
readInt         int                           function                                            4       16      readInt
d               double                        local       2.3                                     8       20      null
t00             double                        temp        2.3                                     8       28      null
m               Matrix(2, 3, double)          local                                               48      36      null
t01             int                           temp        2                                       4       84      null
t02             int                           temp        3                                       4       88      null
a               int                           local       4                                       4       92      null
t03             int                           temp        4                                       4       96      null
p               ptr(int)                      local                                               4       100     null
b               int                           local                                               4       104     null
func            void                          function                                            0       108     func
c               char                          local                                               1       108     null
main            int                           function                                            4       109     main
------------------------------------------------------------------------------------------------------------------------------------------------------

~~~~~~~~~~~~~~~~~~~~~~~~~~~~~~~~~~~~~~~~~~~~~~~~~~~~~~~~~~~~~~~~~~~~~~~~~~~~~~~~~~~~~~~~~~~~~~~~~~~~~~~~~~~~~~~~~~~~~~~~~~~~~~~~~~~~~~~~~~~~~~~~~~~~~~
Symbol Table :printInt                                       Parent: Global
~~~~~~~~~~~~~~~~~~~~~~~~~~~~~~~~~~~~~~~~~~~~~~~~~~~~~~~~~~~~~~~~~~~~~~~~~~~~~~~~~~~~~~~~~~~~~~~~~~~~~~~~~~~~~~~~~~~~~~~~~~~~~~~~~~~~~~~~~~~~~~~~~~~~~~
Name            Type                          Category    Initial Value                           Size    Offset  Nested Table
------------------------------------------------------------------------------------------------------------------------------------------------------
num             int                           param                                               4       0       null
retVal          int                           local                                               4       4       null
------------------------------------------------------------------------------------------------------------------------------------------------------

~~~~~~~~~~~~~~~~~~~~~~~~~~~~~~~~~~~~~~~~~~~~~~~~~~~~~~~~~~~~~~~~~~~~~~~~~~~~~~~~~~~~~~~~~~~~~~~~~~~~~~~~~~~~~~~~~~~~~~~~~~~~~~~~~~~~~~~~~~~~~~~~~~~~~~
Symbol Table :printStr                                       Parent: Global
~~~~~~~~~~~~~~~~~~~~~~~~~~~~~~~~~~~~~~~~~~~~~~~~~~~~~~~~~~~~~~~~~~~~~~~~~~~~~~~~~~~~~~~~~~~~~~~~~~~~~~~~~~~~~~~~~~~~~~~~~~~~~~~~~~~~~~~~~~~~~~~~~~~~~~
Name            Type                          Category    Initial Value                           Size    Offset  Nested Table
------------------------------------------------------------------------------------------------------------------------------------------------------
c               ptr(char)                     param                                               4       0       null
retVal          int                           local                                               4       4       null
------------------------------------------------------------------------------------------------------------------------------------------------------

~~~~~~~~~~~~~~~~~~~~~~~~~~~~~~~~~~~~~~~~~~~~~~~~~~~~~~~~~~~~~~~~~~~~~~~~~~~~~~~~~~~~~~~~~~~~~~~~~~~~~~~~~~~~~~~~~~~~~~~~~~~~~~~~~~~~~~~~~~~~~~~~~~~~~~
Symbol Table :printFlt                                       Parent: Global
~~~~~~~~~~~~~~~~~~~~~~~~~~~~~~~~~~~~~~~~~~~~~~~~~~~~~~~~~~~~~~~~~~~~~~~~~~~~~~~~~~~~~~~~~~~~~~~~~~~~~~~~~~~~~~~~~~~~~~~~~~~~~~~~~~~~~~~~~~~~~~~~~~~~~~
Name            Type                          Category    Initial Value                           Size    Offset  Nested Table
------------------------------------------------------------------------------------------------------------------------------------------------------
f               double                        param                                               8       0       null
retVal          int                           local                                               4       8       null
------------------------------------------------------------------------------------------------------------------------------------------------------

~~~~~~~~~~~~~~~~~~~~~~~~~~~~~~~~~~~~~~~~~~~~~~~~~~~~~~~~~~~~~~~~~~~~~~~~~~~~~~~~~~~~~~~~~~~~~~~~~~~~~~~~~~~~~~~~~~~~~~~~~~~~~~~~~~~~~~~~~~~~~~~~~~~~~~
Symbol Table :readFlt                                        Parent: Global
~~~~~~~~~~~~~~~~~~~~~~~~~~~~~~~~~~~~~~~~~~~~~~~~~~~~~~~~~~~~~~~~~~~~~~~~~~~~~~~~~~~~~~~~~~~~~~~~~~~~~~~~~~~~~~~~~~~~~~~~~~~~~~~~~~~~~~~~~~~~~~~~~~~~~~
Name            Type                          Category    Initial Value                           Size    Offset  Nested Table
------------------------------------------------------------------------------------------------------------------------------------------------------
f               ptr(double)                   param                                               4       0       null
retVal          int                           local                                               4       4       null
------------------------------------------------------------------------------------------------------------------------------------------------------

~~~~~~~~~~~~~~~~~~~~~~~~~~~~~~~~~~~~~~~~~~~~~~~~~~~~~~~~~~~~~~~~~~~~~~~~~~~~~~~~~~~~~~~~~~~~~~~~~~~~~~~~~~~~~~~~~~~~~~~~~~~~~~~~~~~~~~~~~~~~~~~~~~~~~~
Symbol Table :readInt                                        Parent: Global
~~~~~~~~~~~~~~~~~~~~~~~~~~~~~~~~~~~~~~~~~~~~~~~~~~~~~~~~~~~~~~~~~~~~~~~~~~~~~~~~~~~~~~~~~~~~~~~~~~~~~~~~~~~~~~~~~~~~~~~~~~~~~~~~~~~~~~~~~~~~~~~~~~~~~~
Name            Type                          Category    Initial Value                           Size    Offset  Nested Table
------------------------------------------------------------------------------------------------------------------------------------------------------
t               ptr(int)                      param                                               4       0       null
retVal          int                           local                                               4       4       null
------------------------------------------------------------------------------------------------------------------------------------------------------

~~~~~~~~~~~~~~~~~~~~~~~~~~~~~~~~~~~~~~~~~~~~~~~~~~~~~~~~~~~~~~~~~~~~~~~~~~~~~~~~~~~~~~~~~~~~~~~~~~~~~~~~~~~~~~~~~~~~~~~~~~~~~~~~~~~~~~~~~~~~~~~~~~~~~~
Symbol Table :func                                           Parent: Global
~~~~~~~~~~~~~~~~~~~~~~~~~~~~~~~~~~~~~~~~~~~~~~~~~~~~~~~~~~~~~~~~~~~~~~~~~~~~~~~~~~~~~~~~~~~~~~~~~~~~~~~~~~~~~~~~~~~~~~~~~~~~~~~~~~~~~~~~~~~~~~~~~~~~~~
Name            Type                          Category    Initial Value                           Size    Offset  Nested Table
------------------------------------------------------------------------------------------------------------------------------------------------------
i               int                           param                                               4       0       null
d               double                        param                                               8       4       null
a               Matrix(2, 2, double)          param                                               32      12      null
t00             int                           temp        2                                       4       44      null
t01             int                           temp        2                                       4       48      null
------------------------------------------------------------------------------------------------------------------------------------------------------

~~~~~~~~~~~~~~~~~~~~~~~~~~~~~~~~~~~~~~~~~~~~~~~~~~~~~~~~~~~~~~~~~~~~~~~~~~~~~~~~~~~~~~~~~~~~~~~~~~~~~~~~~~~~~~~~~~~~~~~~~~~~~~~~~~~~~~~~~~~~~~~~~~~~~~
Symbol Table :main                                           Parent: Global
~~~~~~~~~~~~~~~~~~~~~~~~~~~~~~~~~~~~~~~~~~~~~~~~~~~~~~~~~~~~~~~~~~~~~~~~~~~~~~~~~~~~~~~~~~~~~~~~~~~~~~~~~~~~~~~~~~~~~~~~~~~~~~~~~~~~~~~~~~~~~~~~~~~~~~
Name            Type                          Category    Initial Value                           Size    Offset  Nested Table
------------------------------------------------------------------------------------------------------------------------------------------------------
retVal          int                           local                                               4       0       null
e               double                        local       2.3                                     8       4       null
t00             double                        temp        2.3                                     8       12      null
f               int                           local                                               4       20      null
temp            Matrix(2, 2, double)          local       1.1                                     32      24      null
t01             int                           temp        2                                       4       56      null
t02             int                           temp        2                                       4       60      null
t03             double                        temp        1.1                                     8       64      null
t04             double                        temp        2.1                                     8       72      null
t05             double                        temp        3.3                                     8       80      null
t06             double                        temp        3.4                                     8       88      null
printStr        int                           local                                               4       96      null
t07             ptr(char)                     temp        "Checking printFlt and Matrix initialization : "4       100     null
t08             int                           temp                                                4       104     null
printFlt        int                           local                                               4       108     null
t09             int                           temp        1                                       4       112     null
t10             int                           temp        1                                       4       116     null
t11             int                           temp                                                4       120     null
t12             int                           temp                                                4       124     null
t13             int                           temp                                                4       128     null
t14             int                           temp                                                4       132     null
t15             double                        temp                                                8       136     null
t16             double                        temp                                                8       144     null
t17             int                           temp                                                4       152     null
t18             ptr(char)                     temp        "\n"                                    4       156     null
t19             int                           temp                                                4       160     null
r               int                           local       4                                       4       164     null
t20             int                           temp        4                                       4       168     null
q               ptr(int)                      local                                               4       172     null
y               int                           local                                               4       176     null
t21             ptr(char)                     temp        "The value of global double d :"        4       180     null
t22             int                           temp                                                4       184     null
d               int                           local                                               4       188     null
t23             int                           temp                                                4       192     null
t24             ptr(char)                     temp        "\n"                                    4       196     null
t25             int                           temp                                                4       200     null
t26             ptr(char)                     temp        "checking printInt and readInt:\n"      4       204     null
t27             int                           temp                                                4       208     null
t28             ptr(char)                     temp        "Enter an integer N: "                  4       212     null
t29             int                           temp                                                4       216     null
readInt         int                           local                                               4       220     null
t30             ptr(int)                      temp                                                4       224     null
t31             int                           temp                                                4       228     null
t32             ptr(char)                     temp        "The value of N is : "                  4       232     null
t33             int                           temp                                                4       236     null
printInt        int                           local                                               4       240     null
t34             int                           temp                                                4       244     null
------------------------------------------------------------------------------------------------------------------------------------------------------

--Quad Table----------------------------------------------------------------
index   op      argument1argument2result  
0        =      2.3             t00     
1        =      t00             d       
2        =      2               t01     
3        =      3               t02     
4        =      4               t03     
5        =      t03             a       
6        =      2               t00     
7        =      2               t01     
8        op                     main    
9        =      2.3             t00     
10       =      t00             e       
11       =      2               t01     
12       =      2               t02     
13       =      1.1             t03     
14       =      2.1             t04     
15       =      3.3             t05     
16       =      3.4             t06     
17       []=    0       t03     temp    
18       []=    8       t04     temp    
19       []=    16      t05     temp    
20       []=    24      t06     temp    
21       =      0               t07     
22       param                  t07     
23       call   printStr1       t08     
24       =      1               t09     
25       =      1               t10     
26       *      t09     16      t12     
27       *      t10     8       t13     
28       +      t12     t13     t14     
29       =[]R   temp    t14     t16     
30       param                  t16     
31       call   printFlt1       t17     
32       =      1               t18     
33       param                  t18     
34       call   printStr1       t19     
35       =      4               t20     
36       =      t20             r       
37       =      2               t21     
38       param                  t21     
39       call   printStr1       t22     
40       param                  d       
41       call   printFlt1       t23     
42       =      3               t24     
43       param                  t24     
44       call   printStr1       t25     
45       =      4               t26     
46       param                  t26     
47       call   printStr1       t27     
48       =      5               t28     
49       param                  t28     
50       call   printStr1       t29     
51       &      r               t30     
52       param                  t30     
53       call   readInt 1       t31     
54       =      6               t32     
55       param                  t32     
56       call   printStr1       t33     
57       param                  r       
58       call   printInt1       t34     
59       op                     main    
~~~~~~~~~~~~~~~~~~~~~~~~~~~~~~~~~~~~~~~~~~~~~~~~~~~~~~~~~~~~~~~~~~~~~~~~~~~~~~~~~~~~~~~~~~~~~~~~~~~~~~~~~~~~~~~~~~~~~~~~~~~~~~~~~~~~~~~~~~~~~~~~~~~~~~
Quad Translation
------------------------------------------------------------------------------------------------------------------------------------------------------
	0   :	t00 = 2.3
	1   :	d = t00
	2   :	t01 = 2
	3   :	t02 = 3
	4   :	t03 = 4
	5   :	a = t03
	6   :	t00 = 2
	7   :	t01 = 2

main: 

	9   :	t00 = 2.3
	10  :	e = t00
	11  :	t01 = 2
	12  :	t02 = 2
	13  :	t03 = 1.1
	14  :	t04 = 2.1
	15  :	t05 = 3.3
	16  :	t06 = 3.4
	17  :	temp[0]=t03
	18  :	temp[8]=t04
	19  :	temp[16]=t05
	20  :	temp[24]=t06
	21  :	t07 = 0
	22  :	param t07
	23  :	t08 = call printStr, 1
	24  :	t09 = 1
	25  :	t10 = 1
	26  :	t12 = t09 * 16
	27  :	t13 = t10 * 8
	28  :	t14 = t12 + t13
	29  :	t16 = temp[t14]
	30  :	param t16
	31  :	t17 = call printFlt, 1
	32  :	t18 = 1
	33  :	param t18
	34  :	t19 = call printStr, 1
	35  :	t20 = 4
	36  :	r = t20
	37  :	t21 = 2
	38  :	param t21
	39  :	t22 = call printStr, 1
	40  :	param d
	41  :	t23 = call printFlt, 1
	42  :	t24 = 3
	43  :	param t24
	44  :	t25 = call printStr, 1
	45  :	t26 = 4
	46  :	param t26
	47  :	t27 = call printStr, 1
	48  :	t28 = 5
	49  :	param t28
	50  :	t29 = call printStr, 1
	51  :	t30 = &r
	52  :	param t30
	53  :	t31 = call readInt, 1
	54  :	t32 = 6
	55  :	param t32
	56  :	t33 = call printStr, 1
	57  :	param r
	58  :	t34 = call printInt, 1
------------------------------------------------------------------------------------------------------------------------------------------------------
gcc -c ass5_15CS30003_1.s
gcc ass5_15CS30003_1.o -o test1 -L. -lprintlib
