./comp 2

~~~~~~~~~~~~~~~~~~~~~~~~~~~~~~~~~~~~~~~~~~~~~~~~~~~~~~~~~~~~~~~~~~~~~~~~~~~~~~~~~~~~~~~~~~~~~~~~~~~~~~~~~~~~~~~~~~~~~~~~~~~~~~~~~~~~~~~~~~~~~~~~~~~~~~
Symbol Table :Global                                         Parent: null
~~~~~~~~~~~~~~~~~~~~~~~~~~~~~~~~~~~~~~~~~~~~~~~~~~~~~~~~~~~~~~~~~~~~~~~~~~~~~~~~~~~~~~~~~~~~~~~~~~~~~~~~~~~~~~~~~~~~~~~~~~~~~~~~~~~~~~~~~~~~~~~~~~~~~~
Name            Type                          Category    Initial Value                           Size    Offset  Nested Table
------------------------------------------------------------------------------------------------------------------------------------------------------
printInt        int                           function                                            4       0       printInt
printStr        int                           function                                            4       4       printStr
printFlt        int                           function                                            4       8       printFlt
readFlt         int                           function                                            4       12      readFlt
readInt         int                           function                                            4       16      readInt
max             int                           function                                            4       20      max
main            int                           function                                            4       24      main
------------------------------------------------------------------------------------------------------------------------------------------------------

~~~~~~~~~~~~~~~~~~~~~~~~~~~~~~~~~~~~~~~~~~~~~~~~~~~~~~~~~~~~~~~~~~~~~~~~~~~~~~~~~~~~~~~~~~~~~~~~~~~~~~~~~~~~~~~~~~~~~~~~~~~~~~~~~~~~~~~~~~~~~~~~~~~~~~
Symbol Table :printInt                                       Parent: Global
~~~~~~~~~~~~~~~~~~~~~~~~~~~~~~~~~~~~~~~~~~~~~~~~~~~~~~~~~~~~~~~~~~~~~~~~~~~~~~~~~~~~~~~~~~~~~~~~~~~~~~~~~~~~~~~~~~~~~~~~~~~~~~~~~~~~~~~~~~~~~~~~~~~~~~
Name            Type                          Category    Initial Value                           Size    Offset  Nested Table
------------------------------------------------------------------------------------------------------------------------------------------------------
num             int                           param                                               4       0       null
retVal          int                           local                                               4       4       null
------------------------------------------------------------------------------------------------------------------------------------------------------

~~~~~~~~~~~~~~~~~~~~~~~~~~~~~~~~~~~~~~~~~~~~~~~~~~~~~~~~~~~~~~~~~~~~~~~~~~~~~~~~~~~~~~~~~~~~~~~~~~~~~~~~~~~~~~~~~~~~~~~~~~~~~~~~~~~~~~~~~~~~~~~~~~~~~~
Symbol Table :printStr                                       Parent: Global
~~~~~~~~~~~~~~~~~~~~~~~~~~~~~~~~~~~~~~~~~~~~~~~~~~~~~~~~~~~~~~~~~~~~~~~~~~~~~~~~~~~~~~~~~~~~~~~~~~~~~~~~~~~~~~~~~~~~~~~~~~~~~~~~~~~~~~~~~~~~~~~~~~~~~~
Name            Type                          Category    Initial Value                           Size    Offset  Nested Table
------------------------------------------------------------------------------------------------------------------------------------------------------
c               ptr(char)                     param                                               4       0       null
retVal          int                           local                                               4       4       null
------------------------------------------------------------------------------------------------------------------------------------------------------

~~~~~~~~~~~~~~~~~~~~~~~~~~~~~~~~~~~~~~~~~~~~~~~~~~~~~~~~~~~~~~~~~~~~~~~~~~~~~~~~~~~~~~~~~~~~~~~~~~~~~~~~~~~~~~~~~~~~~~~~~~~~~~~~~~~~~~~~~~~~~~~~~~~~~~
Symbol Table :printFlt                                       Parent: Global
~~~~~~~~~~~~~~~~~~~~~~~~~~~~~~~~~~~~~~~~~~~~~~~~~~~~~~~~~~~~~~~~~~~~~~~~~~~~~~~~~~~~~~~~~~~~~~~~~~~~~~~~~~~~~~~~~~~~~~~~~~~~~~~~~~~~~~~~~~~~~~~~~~~~~~
Name            Type                          Category    Initial Value                           Size    Offset  Nested Table
------------------------------------------------------------------------------------------------------------------------------------------------------
f               double                        param                                               8       0       null
retVal          int                           local                                               4       8       null
------------------------------------------------------------------------------------------------------------------------------------------------------

~~~~~~~~~~~~~~~~~~~~~~~~~~~~~~~~~~~~~~~~~~~~~~~~~~~~~~~~~~~~~~~~~~~~~~~~~~~~~~~~~~~~~~~~~~~~~~~~~~~~~~~~~~~~~~~~~~~~~~~~~~~~~~~~~~~~~~~~~~~~~~~~~~~~~~
Symbol Table :readFlt                                        Parent: Global
~~~~~~~~~~~~~~~~~~~~~~~~~~~~~~~~~~~~~~~~~~~~~~~~~~~~~~~~~~~~~~~~~~~~~~~~~~~~~~~~~~~~~~~~~~~~~~~~~~~~~~~~~~~~~~~~~~~~~~~~~~~~~~~~~~~~~~~~~~~~~~~~~~~~~~
Name            Type                          Category    Initial Value                           Size    Offset  Nested Table
------------------------------------------------------------------------------------------------------------------------------------------------------
f               ptr(double)                   param                                               4       0       null
retVal          int                           local                                               4       4       null
------------------------------------------------------------------------------------------------------------------------------------------------------

~~~~~~~~~~~~~~~~~~~~~~~~~~~~~~~~~~~~~~~~~~~~~~~~~~~~~~~~~~~~~~~~~~~~~~~~~~~~~~~~~~~~~~~~~~~~~~~~~~~~~~~~~~~~~~~~~~~~~~~~~~~~~~~~~~~~~~~~~~~~~~~~~~~~~~
Symbol Table :readInt                                        Parent: Global
~~~~~~~~~~~~~~~~~~~~~~~~~~~~~~~~~~~~~~~~~~~~~~~~~~~~~~~~~~~~~~~~~~~~~~~~~~~~~~~~~~~~~~~~~~~~~~~~~~~~~~~~~~~~~~~~~~~~~~~~~~~~~~~~~~~~~~~~~~~~~~~~~~~~~~
Name            Type                          Category    Initial Value                           Size    Offset  Nested Table
------------------------------------------------------------------------------------------------------------------------------------------------------
t               ptr(int)                      param                                               4       0       null
retVal          int                           local                                               4       4       null
------------------------------------------------------------------------------------------------------------------------------------------------------

~~~~~~~~~~~~~~~~~~~~~~~~~~~~~~~~~~~~~~~~~~~~~~~~~~~~~~~~~~~~~~~~~~~~~~~~~~~~~~~~~~~~~~~~~~~~~~~~~~~~~~~~~~~~~~~~~~~~~~~~~~~~~~~~~~~~~~~~~~~~~~~~~~~~~~
Symbol Table :max                                            Parent: Global
~~~~~~~~~~~~~~~~~~~~~~~~~~~~~~~~~~~~~~~~~~~~~~~~~~~~~~~~~~~~~~~~~~~~~~~~~~~~~~~~~~~~~~~~~~~~~~~~~~~~~~~~~~~~~~~~~~~~~~~~~~~~~~~~~~~~~~~~~~~~~~~~~~~~~~
Name            Type                          Category    Initial Value                           Size    Offset  Nested Table
------------------------------------------------------------------------------------------------------------------------------------------------------
a               int                           param                                               4       0       null
b               int                           param                                               4       4       null
retVal          int                           local                                               4       8       null
ans             int                           local                                               4       12      null
t00             int                           temp                                                4       16      null
t01             int                           temp                                                4       20      null
t02             int                           temp                                                4       24      null
------------------------------------------------------------------------------------------------------------------------------------------------------

~~~~~~~~~~~~~~~~~~~~~~~~~~~~~~~~~~~~~~~~~~~~~~~~~~~~~~~~~~~~~~~~~~~~~~~~~~~~~~~~~~~~~~~~~~~~~~~~~~~~~~~~~~~~~~~~~~~~~~~~~~~~~~~~~~~~~~~~~~~~~~~~~~~~~~
Symbol Table :main                                           Parent: Global
~~~~~~~~~~~~~~~~~~~~~~~~~~~~~~~~~~~~~~~~~~~~~~~~~~~~~~~~~~~~~~~~~~~~~~~~~~~~~~~~~~~~~~~~~~~~~~~~~~~~~~~~~~~~~~~~~~~~~~~~~~~~~~~~~~~~~~~~~~~~~~~~~~~~~~
Name            Type                          Category    Initial Value                           Size    Offset  Nested Table
------------------------------------------------------------------------------------------------------------------------------------------------------
retVal          int                           local                                               4       0       null
c               int                           local       2                                       4       4       null
t00             int                           temp        2                                       4       8       null
d               int                           local                                               4       12      null
x               int                           local                                               4       16      null
y               int                           local                                               4       20      null
z               int                           local                                               4       24      null
printStr        int                           local                                               4       28      null
t01             ptr(char)                     temp        "Enter two numbers for calculating there maximum :\n"4       32      null
t02             int                           temp                                                4       36      null
t03             ptr(char)                     temp        "Enter the number 1: "                  4       40      null
t04             int                           temp                                                4       44      null
readInt         int                           local                                               4       48      null
t05             ptr(int)                      temp                                                4       52      null
t06             int                           temp                                                4       56      null
t07             ptr(char)                     temp        "Enter the number 2: "                  4       60      null
t08             int                           temp                                                4       64      null
t09             ptr(int)                      temp                                                4       68      null
t10             int                           temp                                                4       72      null
max             int                           local                                               4       76      null
t11             int                           temp                                                4       80      null
t12             int                           temp                                                4       84      null
t13             ptr(char)                     temp        "Max is equal to :"                     4       88      null
t14             int                           temp                                                4       92      null
printInt        int                           local                                               4       96      null
t15             int                           temp                                                4       100     null
------------------------------------------------------------------------------------------------------------------------------------------------------

--Quad Table----------------------------------------------------------------
index   op      argument1argument2result  
0        op                     max     
1        >      a       b       3       
2        goto                   5       
3        =      a               ans     
4        goto                   6       
5        =      b               ans     
6        ret                    ans     
7        op                     max     
8        op                     main    
9        =      2               t00     
10       =      t00             c       
11       =      0               t01     
12       param                  t01     
13       call   printStr1       t02     
14       =      1               t03     
15       param                  t03     
16       call   printStr1       t04     
17       &      x               t05     
18       param                  t05     
19       call   readInt 1       t06     
20       =      2               t07     
21       param                  t07     
22       call   printStr1       t08     
23       &      y               t09     
24       param                  t09     
25       call   readInt 1       t10     
26       param                  x       
27       param                  y       
28       call   max     2       t11     
29       =      t11             z       
30       =      3               t13     
31       param                  t13     
32       call   printStr1       t14     
33       param                  z       
34       call   printInt1       t15     
35       ret                    c       
36       op                     main    
~~~~~~~~~~~~~~~~~~~~~~~~~~~~~~~~~~~~~~~~~~~~~~~~~~~~~~~~~~~~~~~~~~~~~~~~~~~~~~~~~~~~~~~~~~~~~~~~~~~~~~~~~~~~~~~~~~~~~~~~~~~~~~~~~~~~~~~~~~~~~~~~~~~~~~
Quad Translation
------------------------------------------------------------------------------------------------------------------------------------------------------

max: 

	1   :	if a > b goto 3
	2   :	goto 5
	3   :	ans = a
	4   :	goto 6
	5   :	ans = b
	6   :	ret ans

main: 

	9   :	t00 = 2
	10  :	c = t00
	11  :	t01 = 0
	12  :	param t01
	13  :	t02 = call printStr, 1
	14  :	t03 = 1
	15  :	param t03
	16  :	t04 = call printStr, 1
	17  :	t05 = &x
	18  :	param t05
	19  :	t06 = call readInt, 1
	20  :	t07 = 2
	21  :	param t07
	22  :	t08 = call printStr, 1
	23  :	t09 = &y
	24  :	param t09
	25  :	t10 = call readInt, 1
	26  :	param x
	27  :	param y
	28  :	t11 = call max, 2
	29  :	z = t11
	30  :	t13 = 3
	31  :	param t13
	32  :	t14 = call printStr, 1
	33  :	param z
	34  :	t15 = call printInt, 1
	35  :	ret c
------------------------------------------------------------------------------------------------------------------------------------------------------
gcc -Wall -c ass5_15CS30003_2.s
gcc ass5_15CS30003_2.o -o test2 -L. -lprintlib
