./comp 3

~~~~~~~~~~~~~~~~~~~~~~~~~~~~~~~~~~~~~~~~~~~~~~~~~~~~~~~~~~~~~~~~~~~~~~~~~~~~~~~~~~~~~~~~~~~~~~~~~~~~~~~~~~~~~~~~~~~~~~~~~~~~~~~~~~~~~~~~~~~~~~~~~~~~~~
Symbol Table :Global                                         Parent: null
~~~~~~~~~~~~~~~~~~~~~~~~~~~~~~~~~~~~~~~~~~~~~~~~~~~~~~~~~~~~~~~~~~~~~~~~~~~~~~~~~~~~~~~~~~~~~~~~~~~~~~~~~~~~~~~~~~~~~~~~~~~~~~~~~~~~~~~~~~~~~~~~~~~~~~
Name            Type                          Category    Initial Value                           Size    Offset  Nested Table
------------------------------------------------------------------------------------------------------------------------------------------------------
printInt        int                           function                                            4       0       printInt
printStr        int                           function                                            4       4       printStr
printFlt        int                           function                                            4       8       printFlt
readFlt         int                           function                                            4       12      readFlt
readInt         int                           function                                            4       16      readInt
fib             int                           function                                            4       20      fib
main            int                           function                                            4       24      main
------------------------------------------------------------------------------------------------------------------------------------------------------

~~~~~~~~~~~~~~~~~~~~~~~~~~~~~~~~~~~~~~~~~~~~~~~~~~~~~~~~~~~~~~~~~~~~~~~~~~~~~~~~~~~~~~~~~~~~~~~~~~~~~~~~~~~~~~~~~~~~~~~~~~~~~~~~~~~~~~~~~~~~~~~~~~~~~~
Symbol Table :printInt                                       Parent: Global
~~~~~~~~~~~~~~~~~~~~~~~~~~~~~~~~~~~~~~~~~~~~~~~~~~~~~~~~~~~~~~~~~~~~~~~~~~~~~~~~~~~~~~~~~~~~~~~~~~~~~~~~~~~~~~~~~~~~~~~~~~~~~~~~~~~~~~~~~~~~~~~~~~~~~~
Name            Type                          Category    Initial Value                           Size    Offset  Nested Table
------------------------------------------------------------------------------------------------------------------------------------------------------
num             int                           param                                               4       0       null
retVal          int                           local                                               4       4       null
------------------------------------------------------------------------------------------------------------------------------------------------------

~~~~~~~~~~~~~~~~~~~~~~~~~~~~~~~~~~~~~~~~~~~~~~~~~~~~~~~~~~~~~~~~~~~~~~~~~~~~~~~~~~~~~~~~~~~~~~~~~~~~~~~~~~~~~~~~~~~~~~~~~~~~~~~~~~~~~~~~~~~~~~~~~~~~~~
Symbol Table :printStr                                       Parent: Global
~~~~~~~~~~~~~~~~~~~~~~~~~~~~~~~~~~~~~~~~~~~~~~~~~~~~~~~~~~~~~~~~~~~~~~~~~~~~~~~~~~~~~~~~~~~~~~~~~~~~~~~~~~~~~~~~~~~~~~~~~~~~~~~~~~~~~~~~~~~~~~~~~~~~~~
Name            Type                          Category    Initial Value                           Size    Offset  Nested Table
------------------------------------------------------------------------------------------------------------------------------------------------------
c               ptr(char)                     param                                               4       0       null
retVal          int                           local                                               4       4       null
------------------------------------------------------------------------------------------------------------------------------------------------------

~~~~~~~~~~~~~~~~~~~~~~~~~~~~~~~~~~~~~~~~~~~~~~~~~~~~~~~~~~~~~~~~~~~~~~~~~~~~~~~~~~~~~~~~~~~~~~~~~~~~~~~~~~~~~~~~~~~~~~~~~~~~~~~~~~~~~~~~~~~~~~~~~~~~~~
Symbol Table :printFlt                                       Parent: Global
~~~~~~~~~~~~~~~~~~~~~~~~~~~~~~~~~~~~~~~~~~~~~~~~~~~~~~~~~~~~~~~~~~~~~~~~~~~~~~~~~~~~~~~~~~~~~~~~~~~~~~~~~~~~~~~~~~~~~~~~~~~~~~~~~~~~~~~~~~~~~~~~~~~~~~
Name            Type                          Category    Initial Value                           Size    Offset  Nested Table
------------------------------------------------------------------------------------------------------------------------------------------------------
f               double                        param                                               8       0       null
retVal          int                           local                                               4       8       null
------------------------------------------------------------------------------------------------------------------------------------------------------

~~~~~~~~~~~~~~~~~~~~~~~~~~~~~~~~~~~~~~~~~~~~~~~~~~~~~~~~~~~~~~~~~~~~~~~~~~~~~~~~~~~~~~~~~~~~~~~~~~~~~~~~~~~~~~~~~~~~~~~~~~~~~~~~~~~~~~~~~~~~~~~~~~~~~~
Symbol Table :readFlt                                        Parent: Global
~~~~~~~~~~~~~~~~~~~~~~~~~~~~~~~~~~~~~~~~~~~~~~~~~~~~~~~~~~~~~~~~~~~~~~~~~~~~~~~~~~~~~~~~~~~~~~~~~~~~~~~~~~~~~~~~~~~~~~~~~~~~~~~~~~~~~~~~~~~~~~~~~~~~~~
Name            Type                          Category    Initial Value                           Size    Offset  Nested Table
------------------------------------------------------------------------------------------------------------------------------------------------------
f               ptr(double)                   param                                               4       0       null
retVal          int                           local                                               4       4       null
------------------------------------------------------------------------------------------------------------------------------------------------------

~~~~~~~~~~~~~~~~~~~~~~~~~~~~~~~~~~~~~~~~~~~~~~~~~~~~~~~~~~~~~~~~~~~~~~~~~~~~~~~~~~~~~~~~~~~~~~~~~~~~~~~~~~~~~~~~~~~~~~~~~~~~~~~~~~~~~~~~~~~~~~~~~~~~~~
Symbol Table :readInt                                        Parent: Global
~~~~~~~~~~~~~~~~~~~~~~~~~~~~~~~~~~~~~~~~~~~~~~~~~~~~~~~~~~~~~~~~~~~~~~~~~~~~~~~~~~~~~~~~~~~~~~~~~~~~~~~~~~~~~~~~~~~~~~~~~~~~~~~~~~~~~~~~~~~~~~~~~~~~~~
Name            Type                          Category    Initial Value                           Size    Offset  Nested Table
------------------------------------------------------------------------------------------------------------------------------------------------------
t               ptr(int)                      param                                               4       0       null
retVal          int                           local                                               4       4       null
------------------------------------------------------------------------------------------------------------------------------------------------------

~~~~~~~~~~~~~~~~~~~~~~~~~~~~~~~~~~~~~~~~~~~~~~~~~~~~~~~~~~~~~~~~~~~~~~~~~~~~~~~~~~~~~~~~~~~~~~~~~~~~~~~~~~~~~~~~~~~~~~~~~~~~~~~~~~~~~~~~~~~~~~~~~~~~~~
Symbol Table :fib                                            Parent: Global
~~~~~~~~~~~~~~~~~~~~~~~~~~~~~~~~~~~~~~~~~~~~~~~~~~~~~~~~~~~~~~~~~~~~~~~~~~~~~~~~~~~~~~~~~~~~~~~~~~~~~~~~~~~~~~~~~~~~~~~~~~~~~~~~~~~~~~~~~~~~~~~~~~~~~~
Name            Type                          Category    Initial Value                           Size    Offset  Nested Table
------------------------------------------------------------------------------------------------------------------------------------------------------
a               int                           param                                               4       0       null
retVal          int                           local                                               4       4       null
f               int                           local       1                                       4       8       null
t00             int                           temp        1                                       4       12      null
f_1             int                           local       0                                       4       16      null
t01             int                           temp        0                                       4       20      null
i               int                           local       1                                       4       24      null
t02             int                           temp        1                                       4       28      null
temp            int                           local                                               4       32      null
t03             int                           temp                                                4       36      null
t04             int                           temp                                                4       40      null
t05             int                           temp                                                4       44      null
t06             int                           temp                                                4       48      null
t07             int                           temp                                                4       52      null
t08             int                           temp                                                4       56      null
t09             int                           temp        1                                       4       60      null
t10             int                           temp                                                4       64      null
t11             int                           temp                                                4       68      null
t12             int                           temp                                                4       72      null
printStr        int                           local                                               4       76      null
t13             ptr(char)                     temp        "The fibonacci number is : "            4       80      null
t14             int                           temp                                                4       84      null
printInt        int                           local                                               4       88      null
t15             int                           temp                                                4       92      null
------------------------------------------------------------------------------------------------------------------------------------------------------

~~~~~~~~~~~~~~~~~~~~~~~~~~~~~~~~~~~~~~~~~~~~~~~~~~~~~~~~~~~~~~~~~~~~~~~~~~~~~~~~~~~~~~~~~~~~~~~~~~~~~~~~~~~~~~~~~~~~~~~~~~~~~~~~~~~~~~~~~~~~~~~~~~~~~~
Symbol Table :main                                           Parent: Global
~~~~~~~~~~~~~~~~~~~~~~~~~~~~~~~~~~~~~~~~~~~~~~~~~~~~~~~~~~~~~~~~~~~~~~~~~~~~~~~~~~~~~~~~~~~~~~~~~~~~~~~~~~~~~~~~~~~~~~~~~~~~~~~~~~~~~~~~~~~~~~~~~~~~~~
Name            Type                          Category    Initial Value                           Size    Offset  Nested Table
------------------------------------------------------------------------------------------------------------------------------------------------------
retVal          int                           local                                               4       0       null
printStr        int                           local                                               4       4       null
t00             ptr(char)                     temp        "Enter the i for finding its fibonacci number : "4       8       null
t01             int                           temp                                                4       12      null
i               int                           local                                               4       16      null
ep              int                           local                                               4       20      null
readInt         int                           local                                               4       24      null
t02             ptr(int)                      temp                                                4       28      null
t03             int                           temp                                                4       32      null
t04             ptr(char)                     temp        "You Entered : "                        4       36      null
t05             int                           temp                                                4       40      null
printInt        int                           local                                               4       44      null
t06             int                           temp                                                4       48      null
j               int                           local                                               4       52      null
fib             int                           local                                               4       56      null
t07             int                           temp                                                4       60      null
t08             int                           temp                                                4       64      null
t09             ptr(char)                     temp        "Returned from the fib function which uses a for loop for calculation"4       68      null
t10             int                           temp                                                4       72      null
------------------------------------------------------------------------------------------------------------------------------------------------------

--Quad Table----------------------------------------------------------------
index   op      argument1argument2result  
0        op                     fib     
1        =      1               t00     
2        =      t00             f       
3        =      0               t01     
4        =      t01             f_1     
5        =      1               t02     
6        =      t02             i       
7        <      i       a       9       
8        goto                   17      
9        =      f               temp    
10       +      f       f_1     t06     
11       =      t06             f       
12       =      temp            f_1     
13       =      1               t09     
14       +      i       t09     t11     
15       =      t11             i       
16       goto                   7       
17       =      0               t13     
18       param                  t13     
19       call   printStr1       t14     
20       param                  f       
21       call   printInt1       t15     
22       ret                    f       
23       op                     fib     
24       op                     main    
25       =      1               t00     
26       param                  t00     
27       call   printStr1       t01     
28       &      i               t02     
29       param                  t02     
30       call   readInt 1       t03     
31       =      2               t04     
32       param                  t04     
33       call   printStr1       t05     
34       param                  i       
35       call   printInt1       t06     
36       param                  i       
37       call   fib     1       t07     
38       =      t07             j       
39       =      3               t09     
40       param                  t09     
41       call   printStr1       t10     
42       ret                            
43       op                     main    
~~~~~~~~~~~~~~~~~~~~~~~~~~~~~~~~~~~~~~~~~~~~~~~~~~~~~~~~~~~~~~~~~~~~~~~~~~~~~~~~~~~~~~~~~~~~~~~~~~~~~~~~~~~~~~~~~~~~~~~~~~~~~~~~~~~~~~~~~~~~~~~~~~~~~~
Quad Translation
------------------------------------------------------------------------------------------------------------------------------------------------------

fib: 

	1   :	t00 = 1
	2   :	f = t00
	3   :	t01 = 0
	4   :	f_1 = t01
	5   :	t02 = 1
	6   :	i = t02
	7   :	if i < a goto 9
	8   :	goto 17
	9   :	temp = f
	10  :	t06 = f + f_1
	11  :	f = t06
	12  :	f_1 = temp
	13  :	t09 = 1
	14  :	t11 = i + t09
	15  :	i = t11
	16  :	goto 7
	17  :	t13 = 0
	18  :	param t13
	19  :	t14 = call printStr, 1
	20  :	param f
	21  :	t15 = call printInt, 1
	22  :	ret f

main: 

	25  :	t00 = 1
	26  :	param t00
	27  :	t01 = call printStr, 1
	28  :	t02 = &i
	29  :	param t02
	30  :	t03 = call readInt, 1
	31  :	t04 = 2
	32  :	param t04
	33  :	t05 = call printStr, 1
	34  :	param i
	35  :	t06 = call printInt, 1
	36  :	param i
	37  :	t07 = call fib, 1
	38  :	j = t07
	39  :	t09 = 3
	40  :	param t09
	41  :	t10 = call printStr, 1
	42  :	ret 
------------------------------------------------------------------------------------------------------------------------------------------------------
gcc -Wall -c ass5_15CS30003_3.s
gcc ass5_15CS30003_3.o -o test3 -L. -lprintlib
